[2022-11-02T10:03:17.865+0000] {taskinstance.py:1165} INFO - Dependencies all met for <TaskInstance: covid_pipe.download_data manual__2022-11-02T10:03:14.471057+00:00 [queued]>
[2022-11-02T10:03:17.883+0000] {taskinstance.py:1165} INFO - Dependencies all met for <TaskInstance: covid_pipe.download_data manual__2022-11-02T10:03:14.471057+00:00 [queued]>
[2022-11-02T10:03:17.884+0000] {taskinstance.py:1362} INFO - 
--------------------------------------------------------------------------------
[2022-11-02T10:03:17.885+0000] {taskinstance.py:1363} INFO - Starting attempt 1 of 2
[2022-11-02T10:03:17.885+0000] {taskinstance.py:1364} INFO - 
--------------------------------------------------------------------------------
[2022-11-02T10:03:17.919+0000] {taskinstance.py:1383} INFO - Executing <Task(BashOperator): download_data> on 2022-11-02 10:03:14.471057+00:00
[2022-11-02T10:03:17.927+0000] {standard_task_runner.py:55} INFO - Started process 626 to run task
[2022-11-02T10:03:17.933+0000] {standard_task_runner.py:82} INFO - Running: ['***', 'tasks', 'run', 'covid_pipe', 'download_data', 'manual__2022-11-02T10:03:14.471057+00:00', '--job-id', '756', '--raw', '--subdir', 'DAGS_FOLDER/covid_dag.py', '--cfg-path', '/tmp/tmpv0n_t7mq']
[2022-11-02T10:03:17.935+0000] {standard_task_runner.py:83} INFO - Job 756: Subtask download_data
[2022-11-02T10:03:18.071+0000] {task_command.py:376} INFO - Running <TaskInstance: covid_pipe.download_data manual__2022-11-02T10:03:14.471057+00:00 [running]> on host 53c1f4b2cdcf
[2022-11-02T10:03:18.217+0000] {taskinstance.py:1592} INFO - Exporting the following env vars:
AIRFLOW_CTX_DAG_OWNER=***
AIRFLOW_CTX_DAG_ID=covid_pipe
AIRFLOW_CTX_TASK_ID=download_data
AIRFLOW_CTX_EXECUTION_DATE=2022-11-02T10:03:14.471057+00:00
AIRFLOW_CTX_TRY_NUMBER=1
AIRFLOW_CTX_DAG_RUN_ID=manual__2022-11-02T10:03:14.471057+00:00
[2022-11-02T10:03:18.220+0000] {subprocess.py:63} INFO - Tmp dir root location: 
 /tmp
[2022-11-02T10:03:18.222+0000] {subprocess.py:75} INFO - Running command: ['/bin/bash', '-c', 'curl -sSL https://raw.githubusercontent.com/CSSEGISandData/COVID-19/master/csse_covid_19_data/csse_covid_19_daily_reports/01-01-2021.csv > /opt/***/01-01-2021.csv']
[2022-11-02T10:03:18.235+0000] {subprocess.py:86} INFO - Output:
[2022-11-02T10:03:18.893+0000] {subprocess.py:97} INFO - Command exited with return code 0
[2022-11-02T10:03:18.958+0000] {taskinstance.py:1406} INFO - Marking task as SUCCESS. dag_id=covid_pipe, task_id=download_data, execution_date=20221102T100314, start_date=20221102T100317, end_date=20221102T100318
[2022-11-02T10:03:18.997+0000] {local_task_job.py:164} INFO - Task exited with return code 0
[2022-11-02T10:03:19.051+0000] {local_task_job.py:273} INFO - 1 downstream tasks scheduled from follow-on schedule check
